============================= test session starts ==============================
platform linux -- Python 3.11.2, pytest-8.4.2, pluggy-1.6.0 -- /home/hwilson/poc-6/venv/bin/python
cachedir: .pytest_cache
rootdir: /home/hwilson/poc-6
collecting ... collected 47 items

tests/scenario_tests/test_admin_group.py::test_admin_group_workflow FAILED [  2%]
tests/scenario_tests/test_download_progress_accuracy.py::test_progress_bytes_accuracy PASSED [  4%]
tests/scenario_tests/test_download_progress_accuracy.py::test_speed_and_eta_accuracy PASSED [  6%]
tests/scenario_tests/test_download_progress_accuracy.py::test_bytes_increase_monotonically PASSED [  8%]
tests/scenario_tests/test_file_attachment.py::test_two_party_file_attachment_and_sync FAILED [ 10%]
tests/scenario_tests/test_file_attachment_sync_only.py::test_file_attachment_sync_only PASSED [ 12%]
tests/scenario_tests/test_file_pause_resume.py::test_pause_and_resume_file_download PASSED [ 14%]
tests/scenario_tests/test_file_pause_resume.py::test_cancel_file_download PASSED [ 17%]
tests/scenario_tests/test_forward_secrecy.py::test_delete_message_marks_key_for_purging PASSED [ 19%]
tests/scenario_tests/test_forward_secrecy.py::test_delete_and_rekey_message PASSED [ 21%]
tests/scenario_tests/test_forward_secrecy.py::test_forward_secrecy_multi_peer PASSED [ 23%]
tests/scenario_tests/test_forward_secrecy.py::test_prekey_ttl_and_purge_expired PASSED [ 25%]
tests/scenario_tests/test_forward_secrecy.py::test_generate_batch_prekeys PASSED [ 27%]
tests/scenario_tests/test_forward_secrecy.py::test_multi_peer_purge_convergence PASSED [ 29%]
tests/scenario_tests/test_forward_secrecy.py::test_new_user_joins_after_rekey PASSED [ 31%]
tests/scenario_tests/test_forward_secrecy.py::test_new_user_with_preexisting_invite_after_rekey PASSED [ 34%]
tests/scenario_tests/test_forward_secrecy.py::test_deterministic_rekeying PASSED [ 36%]
tests/scenario_tests/test_forward_secrecy.py::test_rekey_no_duplicates PASSED [ 38%]
tests/scenario_tests/test_large_file_sync.py::test_5mb_file_download_with_progress FAILED [ 40%]
tests/scenario_tests/test_large_file_sync.py::test_50mb_file_download 